JOB_ID=616675
Building DAG of jobs...
Using shell: /usr/bin/bash
Provided cores: 1 (use --cores to define parallelism)
Rules claiming more threads will be scaled down.
Provided resources: mem_mb=8000, mem_mib=7630, disk_mb=1000, disk_mib=954
Conda environments: ignored
Select jobs to execute...

[Fri Feb 28 10:45:07 2025]
rule call_macs_peaks:
    input: example_chr/chr22/ENCFF860XAE.chr22.sorted.se.bam
    output: /home/jl9324/env/download/ABC-Enhancer-Gene-Prediction/results/K562_chr22/Peaks/macs2_peaks.narrowPeak
    jobid: 0
    reason: Forced execution
    wildcards: biosample=K562_chr22
    resources: mem_mb=8000, mem_mib=7630, disk_mb=1000, disk_mib=954, tmpdir=/home/jl9324/mnt/scratch/jl9324


		if [[ "example_chr/chr22/ENCFF860XAE.chr22.sorted.se.bam" == *tagAlign* ]]; then
			FORMAT="BED"
		else
			FORMAT="AUTO"
		fi

		macs2 callpeak 		-f $FORMAT 		-g hs 		-p 0.1 		-n macs2 		--shift -75 		--extsize 150 		--nomodel 		--keep-dup all 		--call-summits 		--outdir /home/jl9324/env/download/ABC-Enhancer-Gene-Prediction/results//K562_chr22/Peaks 		-t example_chr/chr22/ENCFF860XAE.chr22.sorted.se.bam 
		
INFO  @ Fri, 28 Feb 2025 10:45:08: 
# Command line: callpeak -f AUTO -g hs -p 0.1 -n macs2 --shift -75 --extsize 150 --nomodel --keep-dup all --call-summits --outdir /home/jl9324/env/download/ABC-Enhancer-Gene-Prediction/results//K562_chr22/Peaks -t example_chr/chr22/ENCFF860XAE.chr22.sorted.se.bam
# ARGUMENTS LIST:
# name = macs2
# format = AUTO
# ChIP-seq file = ['example_chr/chr22/ENCFF860XAE.chr22.sorted.se.bam']
# control file = None
# effective genome size = 2.70e+09
# band width = 300
# model fold = [5, 50]
# pvalue cutoff = 1.00e-01
# qvalue will not be calculated and reported as -1 in the final output.
# The maximum gap between significant sites is assigned as the read length/tag size.
# The minimum length of peaks is assigned as the predicted fragment length "d".
# Larger dataset will be scaled towards smaller dataset.
# Range for calculating regional lambda is: 10000 bps
# Broad region calling is off
# Paired-End mode is off
# Searching for subpeak summits is on
 
INFO  @ Fri, 28 Feb 2025 10:45:08: #1 read tag files... 
INFO  @ Fri, 28 Feb 2025 10:45:08: #1 read treatment tags... 
INFO  @ Fri, 28 Feb 2025 10:45:08: Detected format is: BAM 
INFO  @ Fri, 28 Feb 2025 10:45:08: * Input file is gzipped. 
INFO  @ Fri, 28 Feb 2025 10:45:09: 379428 reads have been read. 
INFO  @ Fri, 28 Feb 2025 10:45:09: #1 tag size is determined as 36 bps 
INFO  @ Fri, 28 Feb 2025 10:45:09: #1 tag size = 36.0 
INFO  @ Fri, 28 Feb 2025 10:45:09: #1  total tags in treatment: 379428 
INFO  @ Fri, 28 Feb 2025 10:45:09: #1 finished! 
INFO  @ Fri, 28 Feb 2025 10:45:09: #2 Build Peak Model... 
INFO  @ Fri, 28 Feb 2025 10:45:09: #2 Skipped... 
INFO  @ Fri, 28 Feb 2025 10:45:09: #2 Use 150 as fragment length 
INFO  @ Fri, 28 Feb 2025 10:45:09: #2 Sequencing ends will be shifted towards 5' by 75 bp(s) 
INFO  @ Fri, 28 Feb 2025 10:45:09: #3 Call peaks... 
INFO  @ Fri, 28 Feb 2025 10:45:09: #3 Going to call summits inside each peak ... 
INFO  @ Fri, 28 Feb 2025 10:45:09: #3 Call peaks with given -log10pvalue cutoff: 1.00000 ... 
INFO  @ Fri, 28 Feb 2025 10:45:09: #3 Pre-compute pvalue-qvalue table... 
INFO  @ Fri, 28 Feb 2025 10:45:10: #3 Call peaks for each chromosome... 
INFO  @ Fri, 28 Feb 2025 10:45:16: #4 Write output xls file... /home/jl9324/env/download/ABC-Enhancer-Gene-Prediction/results//K562_chr22/Peaks/macs2_peaks.xls 
INFO  @ Fri, 28 Feb 2025 10:45:16: #4 Write peak in narrowPeak format file... /home/jl9324/env/download/ABC-Enhancer-Gene-Prediction/results//K562_chr22/Peaks/macs2_peaks.narrowPeak 
INFO  @ Fri, 28 Feb 2025 10:45:16: #4 Write summits bed file... /home/jl9324/env/download/ABC-Enhancer-Gene-Prediction/results//K562_chr22/Peaks/macs2_summits.bed 
INFO  @ Fri, 28 Feb 2025 10:45:16: Done! 
[Fri Feb 28 10:45:16 2025]
Finished job 0.
1 of 1 steps (100%) done
