JOB_ID=618453
Building DAG of jobs...
Using shell: /usr/bin/bash
Provided cores: 1 (use --cores to define parallelism)
Rules claiming more threads will be scaled down.
Provided resources: mem_mb=14537, mem_mib=13864, disk_mb=1000, disk_mib=954
Conda environments: ignored
Select jobs to execute...

[Tue Mar  4 18:08:02 2025]
rule filter_predictions:
    input: /home/jl9324/Sperm_3D_Genome_Project/multiome/ABC_model/SPC/Predictions/EnhancerPredictionsAllPutative.tsv.gz, /home/jl9324/Sperm_3D_Genome_Project/multiome/ABC_model/SPC/Predictions/EnhancerPredictionsAllPutativeNonExpressedGenes.tsv.gz
    output: /home/jl9324/Sperm_3D_Genome_Project/multiome/ABC_model/SPC/Predictions/EnhancerPredictionsFull_threshold0.021_self_promoter.tsv, /home/jl9324/Sperm_3D_Genome_Project/multiome/ABC_model/SPC/Predictions/EnhancerPredictionsFull_threshold0.021_self_promoter.bedpe.gz, /home/jl9324/Sperm_3D_Genome_Project/multiome/ABC_model/SPC/Predictions/EnhancerPredictions_threshold0.021_self_promoter.tsv, /home/jl9324/Sperm_3D_Genome_Project/multiome/ABC_model/SPC/Predictions/GenePredictionStats_threshold0.021_self_promoter.tsv
    jobid: 0
    reason: Forced execution
    wildcards: biosample=SPC, threshold=0.021, separator=, other_flags=_self_promoter
    resources: mem_mb=14537, mem_mib=13864, disk_mb=1000, disk_mib=954, tmpdir=/home/jl9324/mnt/scratch/jl9324


		python /home/jl9324/env/download/ABC-Enhancer-Gene-Prediction/workflow/scripts/filter_predictions.py 			--output_tsv_file /home/jl9324/Sperm_3D_Genome_Project/multiome/ABC_model/SPC/Predictions/EnhancerPredictionsFull_threshold0.021_self_promoter.tsv 			--output_slim_tsv_file /home/jl9324/Sperm_3D_Genome_Project/multiome/ABC_model/SPC/Predictions/EnhancerPredictions_threshold0.021_self_promoter.tsv 			--output_bed_file /home/jl9324/Sperm_3D_Genome_Project/multiome/ABC_model/SPC/Predictions/EnhancerPredictionsFull_threshold0.021_self_promoter.bedpe.gz 			--output_gene_stats_file /home/jl9324/Sperm_3D_Genome_Project/multiome/ABC_model/SPC/Predictions/GenePredictionStats_threshold0.021_self_promoter.tsv 			--pred_file /home/jl9324/Sperm_3D_Genome_Project/multiome/ABC_model/SPC/Predictions/EnhancerPredictionsAllPutative.tsv.gz 			--pred_nonexpressed_file /home/jl9324/Sperm_3D_Genome_Project/multiome/ABC_model/SPC/Predictions/EnhancerPredictionsAllPutativeNonExpressedGenes.tsv.gz 			--score_column ABC.Score 			--threshold 0.021 			--include_self_promoter True 			--only_expressed_genes False
		
[Tue Mar  4 18:08:47 2025]
Finished job 0.
1 of 1 steps (100%) done
