JOB_ID=617057
Building DAG of jobs...
Using shell: /usr/bin/bash
Provided cores: 1 (use --cores to define parallelism)
Rules claiming more threads will be scaled down.
Provided resources: mem_mb=8000, mem_mib=7630, disk_mb=1000, disk_mib=954
Conda environments: ignored
Select jobs to execute...

[Fri Feb 28 16:11:04 2025]
rule generate_qc_plot_and_summary:
    input: /home/jl9324/env/download/ABC-Enhancer-Gene-Prediction/results/K562_chr22/Peaks/macs2_peaks.narrowPeak.sorted.candidateRegions.bed, /home/jl9324/env/download/ABC-Enhancer-Gene-Prediction/results/K562_chr22/Neighborhoods, /home/jl9324/env/download/ABC-Enhancer-Gene-Prediction/results/K562_chr22/Predictions/EnhancerPredictionsFull_threshold0.027_self_promoter.tsv, /home/jl9324/env/download/ABC-Enhancer-Gene-Prediction/reference/hg38/GRCh38_EBV.no_alt.chrom.sizes.tsv
    output: /home/jl9324/env/download/ABC-Enhancer-Gene-Prediction/results/K562_chr22/Metrics/QCSummary_threshold0.027_self_promoter.tsv, /home/jl9324/env/download/ABC-Enhancer-Gene-Prediction/results/K562_chr22/Metrics/QCPlots_threshold0.027_self_promoter.pdf
    jobid: 0
    reason: Forced execution
    wildcards: biosample=K562_chr22, threshold=0.027, separator=, other_flags=_self_promoter
    resources: mem_mb=8000, mem_mib=7630, disk_mb=1000, disk_mib=954, tmpdir=/home/jl9324/mnt/scratch/jl9324


		python /home/jl9324/env/download/ABC-Enhancer-Gene-Prediction/workflow/scripts/grabMetrics.py 			--outdir /home/jl9324/env/download/ABC-Enhancer-Gene-Prediction/results/K562_chr22/Metrics 			--output_qc_summary /home/jl9324/env/download/ABC-Enhancer-Gene-Prediction/results/K562_chr22/Metrics/QCSummary_threshold0.027_self_promoter.tsv 			--output_qc_plots /home/jl9324/env/download/ABC-Enhancer-Gene-Prediction/results/K562_chr22/Metrics/QCPlots_threshold0.027_self_promoter.pdf 			--macs_peaks /home/jl9324/env/download/ABC-Enhancer-Gene-Prediction/results/K562_chr22/Peaks/macs2_peaks.narrowPeak.sorted.candidateRegions.bed 			--neighborhood_outdir /home/jl9324/env/download/ABC-Enhancer-Gene-Prediction/results/K562_chr22/Neighborhoods 			--preds_file /home/jl9324/env/download/ABC-Enhancer-Gene-Prediction/results/K562_chr22/Predictions/EnhancerPredictionsFull_threshold0.027_self_promoter.tsv 			--chrom_sizes /home/jl9324/env/download/ABC-Enhancer-Gene-Prediction/reference/hg38/GRCh38_EBV.no_alt.chrom.sizes.tsv 			--hic_gamma 1.024238616787792 			--hic_scale 5.9594510043736655 
		
[Fri Feb 28 16:11:14 2025]
Finished job 0.
1 of 1 steps (100%) done
